<?xml version="1.0" encoding="UTF-8"?>
<testng-results ignored="0" total="1" passed="1" failed="0" skipped="0">
  <reporter-output>
  </reporter-output>
  <suite started-at="2022-06-12T02:54:37 IST" name="Suite" finished-at="2022-06-12T02:54:45 IST" duration-ms="8599">
    <groups>
    </groups>
    <test started-at="2022-06-12T02:54:37 IST" name="Test" finished-at="2022-06-12T02:54:45 IST" duration-ms="8599">
      <class name="Test.Maven_Selenium_Practice.AppTest">
        <test-method is-config="true" signature="init()[pri:0, instance:Test.Maven_Selenium_Practice.AppTest@662ac478]" started-at="2022-06-12T02:54:37 IST" name="init" finished-at="2022-06-12T02:54:45 IST" duration-ms="8371" status="PASS">
          <reporter-output>
          </reporter-output>
        </test-method> <!-- init -->
        <test-method signature="Test1()[pri:0, instance:Test.Maven_Selenium_Practice.AppTest@662ac478]" started-at="2022-06-12T02:54:45 IST" name="Test1" finished-at="2022-06-12T02:54:45 IST" duration-ms="175" status="PASS">
          <reporter-output>
          </reporter-output>
        </test-method> <!-- Test1 -->
      </class> <!-- Test.Maven_Selenium_Practice.AppTest -->
    </test> <!-- Test -->
  </suite> <!-- Suite -->
</testng-results>
