<?xml version="1.0" encoding="UTF-8"?>
<testng-results ignored="0" total="1" passed="1" failed="0" skipped="0">
  <reporter-output>
  </reporter-output>
  <suite started-at="2022-06-13T20:14:48 IST" name="Default suite" finished-at="2022-06-13T20:15:23 IST" duration-ms="35300">
    <groups>
    </groups>
    <test started-at="2022-06-13T20:14:48 IST" name="Default test" finished-at="2022-06-13T20:15:23 IST" duration-ms="35300">
      <class name="Test.Maven_Selenium_Practice.AppTest">
        <test-method is-config="true" signature="init()[pri:0, instance:Test.Maven_Selenium_Practice.AppTest@550ee7e5]" started-at="2022-06-13T20:14:48 IST" name="init" finished-at="2022-06-13T20:15:21 IST" duration-ms="32525" status="PASS">
          <reporter-output>
          </reporter-output>
        </test-method> <!-- init -->
        <test-method signature="Test1()[pri:0, instance:Test.Maven_Selenium_Practice.AppTest@550ee7e5]" started-at="2022-06-13T20:15:21 IST" name="Test1" finished-at="2022-06-13T20:15:23 IST" duration-ms="2660" status="PASS">
          <reporter-output>
          </reporter-output>
        </test-method> <!-- Test1 -->
      </class> <!-- Test.Maven_Selenium_Practice.AppTest -->
    </test> <!-- Default test -->
  </suite> <!-- Default suite -->
</testng-results>
